Welcome to Xilinx CORE Generator.
Help system initialized.
The IP Catalog has been reloaded.
Opening project file
/home/jiakai/document/original/thu/2013-fall/assignment/computer-organization/ar
mcpu/armcpu/ipcore_dir/coregen.cgp.
Customize and GenerateINFO:sim:172 - Generating IP...
Applying current project options...
Finished applying current project options.
Resolving generics for 'vga_ram'...
Applying external generics to 'vga_ram'...
Delivering associated files for 'vga_ram'...
Delivering EJava files for 'vga_ram'...
Generating implementation netlist for 'vga_ram'...
INFO:sim - Pre-processing HDL files for 'vga_ram'...
Running synthesis for 'vga_ram'
Running ngcbuild...
Writing VEO instantiation template for 'vga_ram'...
Writing Verilog behavioral simulation model for 'vga_ram'...
WARNING:sim - Overwriting existing file
   /home/jiakai/document/original/thu/2013-fall/assignment/computer-organization
   /armcpu/armcpu/ipcore_dir/tmp/_cg/vga_ram/doc/blk_mem_gen_v7_3_vinfo.html
   with file from view xilinx_documentation
Delivered 1 file into directory
/home/jiakai/document/original/thu/2013-fall/assignment/computer-organization/ar
mcpu/armcpu/ipcore_dir/tmp/_cg/vga_ram
Generating ASY schematic symbol...
INFO:sim:949 - Finished generation of ASY schematic symbol.
Generating metadata file...
Generating ISE project file for 'vga_ram'...
Generating ISE project...
XCO file found: vga_ram.xco
XMDF file found: vga_ram_xmdf.tcl
Adding
/home/jiakai/document/original/thu/2013-fall/assignment/computer-organization/ar
mcpu/armcpu/ipcore_dir/tmp/_cg/vga_ram.asy -view all -origin_type imported
Adding
/home/jiakai/document/original/thu/2013-fall/assignment/computer-organization/ar
mcpu/armcpu/ipcore_dir/tmp/_cg/vga_ram.ngc -view all -origin_type created
Checking file
"/home/jiakai/document/original/thu/2013-fall/assignment/computer-organization/a
rmcpu/armcpu/ipcore_dir/tmp/_cg/vga_ram.ngc" for project device match ...
File
"/home/jiakai/document/original/thu/2013-fall/assignment/computer-organization/a
rmcpu/armcpu/ipcore_dir/tmp/_cg/vga_ram.ngc" device information matches project
device.
Adding
/home/jiakai/document/original/thu/2013-fall/assignment/computer-organization/ar
mcpu/armcpu/ipcore_dir/tmp/_cg/vga_ram.v -view all -origin_type created
INFO:HDLCompiler:1845 - Analyzing Verilog file
   "/home/jiakai/document/original/thu/2013-fall/assignment/computer-organizatio
   n/armcpu/armcpu/ipcore_dir/tmp/_cg/vga_ram.v" into library work
INFO:ProjectMgmt - Parsing design hierarchy completed successfully.
Adding
/home/jiakai/document/original/thu/2013-fall/assignment/computer-organization/ar
mcpu/armcpu/ipcore_dir/tmp/_cg/vga_ram.veo -view all -origin_type imported
INFO:TclTasksC:2116 - The automatic calculation of top has been turned-off.
   Please set the new top explicitly by running the "project set top" command.
   To re-calculate the new top automatically, set the "Auto Implementation Top"
   property to true.
Top level has been set to "/vga_ram"
Generating README file...
Generating FLIST file...
INFO:sim:948 - Finished FLIST file generation.
Launching README viewer...
Moving files to output directory...
Finished moving files to output directory
Saved CGP file for project 'coregen'.
Recustomize and Generate (Under Original Project Settings)INFO:sim:172 - Generating IP...
WARNING:sim - A core named 'vga_ram' already exists in the project. Output
   products for this core may be overwritten.
Resolving generics for 'vga_ram'...
WARNING:sim - A core named 'vga_ram' already exists in the project. Output
   products for this core may be overwritten.
Applying external generics to 'vga_ram'...
Delivering associated files for 'vga_ram'...
Delivering EJava files for 'vga_ram'...
Generating implementation netlist for 'vga_ram'...
INFO:sim - Pre-processing HDL files for 'vga_ram'...
Running synthesis for 'vga_ram'
Running ngcbuild...
Writing VEO instantiation template for 'vga_ram'...
Writing Verilog behavioral simulation model for 'vga_ram'...
WARNING:sim - Overwriting existing file
   /home/jiakai/document/original/thu/2013-fall/assignment/computer-organization
   /armcpu/armcpu/ipcore_dir/tmp/_cg/vga_ram/doc/blk_mem_gen_v7_3_vinfo.html
   with file from view xilinx_documentation
Delivered 1 file into directory
/home/jiakai/document/original/thu/2013-fall/assignment/computer-organization/ar
mcpu/armcpu/ipcore_dir/tmp/_cg/vga_ram
Generating ASY schematic symbol...
INFO:sim:949 - Finished generation of ASY schematic symbol.
Generating metadata file...
Regenerating ISE project file for 'vga_ram'...
Generating ISE project...
XCO file found: vga_ram.xco
XMDF file found: vga_ram_xmdf.tcl
Adding
/home/jiakai/document/original/thu/2013-fall/assignment/computer-organization/ar
mcpu/armcpu/ipcore_dir/tmp/_cg/vga_ram.asy -view all -origin_type imported
Adding
/home/jiakai/document/original/thu/2013-fall/assignment/computer-organization/ar
mcpu/armcpu/ipcore_dir/tmp/_cg/vga_ram.ngc -view all -origin_type created
Checking file
"/home/jiakai/document/original/thu/2013-fall/assignment/computer-organization/a
rmcpu/armcpu/ipcore_dir/tmp/_cg/vga_ram.ngc" for project device match ...
File
"/home/jiakai/document/original/thu/2013-fall/assignment/computer-organization/a
rmcpu/armcpu/ipcore_dir/tmp/_cg/vga_ram.ngc" device information matches project
device.
Adding
/home/jiakai/document/original/thu/2013-fall/assignment/computer-organization/ar
mcpu/armcpu/ipcore_dir/tmp/_cg/vga_ram.v -view all -origin_type created
INFO:HDLCompiler:1845 - Analyzing Verilog file
   "/home/jiakai/document/original/thu/2013-fall/assignment/computer-organizatio
   n/armcpu/armcpu/ipcore_dir/tmp/_cg/vga_ram.v" into library work
INFO:ProjectMgmt - Parsing design hierarchy completed successfully.
Adding
/home/jiakai/document/original/thu/2013-fall/assignment/computer-organization/ar
mcpu/armcpu/ipcore_dir/tmp/_cg/vga_ram.veo -view all -origin_type imported
INFO:TclTasksC:2116 - The automatic calculation of top has been turned-off.
   Please set the new top explicitly by running the "project set top" command.
   To re-calculate the new top automatically, set the "Auto Implementation Top"
   property to true.
Top level has been set to "/vga_ram"
Generating README file...
Generating FLIST file...
INFO:sim:948 - Finished FLIST file generation.
Launching README viewer...
Moving files to output directory...
Finished moving files to output directory
Saved CGP file for project 'coregen'.
